[    0.000000] Initializing cgroup subsys cpuset
[    0.000000] Initializing cgroup subsys cpu
[    0.000000] Initializing cgroup subsys cpuacct
[    0.000000] Linux version 4.4.0-141-generic (buildd@lcy01-amd64-027) (gcc version 5.4.0 20160609 (Ubuntu 5.4.0-6ubuntu1~16.04.10) ) #167-Ubuntu SMP Wed Dec 5 10:38:08 UTC 2018 (Ubuntu 4.4.0-141.167-generic 4.4.162)
[    0.000000] KERNEL supported cpus:
[    0.000000]   Intel GenuineIntel
[    0.000000]   AMD AuthenticAMD
[    0.000000]   NSC Geode by NSC
[    0.000000]   Cyrix CyrixInstead
[    0.000000]   Centaur CentaurHauls
[    0.000000]   Transmeta GenuineTMx86
[    0.000000]   Transmeta TransmetaCPU
[    0.000000]   UMC UMC UMC UMC
[    0.000000] x86/fpu: xstate_offset[2]:  576, xstate_sizes[2]:  256
[    0.000000] x86/fpu: Supporting XSAVE feature 0x01: 'x87 floating point registers'
[    0.000000] x86/fpu: Supporting XSAVE feature 0x02: 'SSE registers'
[    0.000000] x86/fpu: Supporting XSAVE feature 0x04: 'AVX registers'
[    0.000000] x86/fpu: Enabled xstate features 0x7, context size is 832 bytes, using 'standard' format.
[    0.000000] e820: BIOS-provided physical RAM map:
[    0.000000] BIOS-e820: [mem 0x0000000000000000-0x000000000009fbff] usable
[    0.000000] BIOS-e820: [mem 0x000000000009fc00-0x000000000009ffff] reserved
[    0.000000] BIOS-e820: [mem 0x00000000000f0000-0x00000000000fffff] reserved
[    0.000000] BIOS-e820: [mem 0x0000000000100000-0x000000003ffeffff] usable
[    0.000000] BIOS-e820: [mem 0x000000003fff0000-0x000000003fffffff] ACPI data
[    0.000000] BIOS-e820: [mem 0x00000000fec00000-0x00000000fec00fff] reserved
[    0.000000] BIOS-e820: [mem 0x00000000fee00000-0x00000000fee00fff] reserved
[    0.000000] BIOS-e820: [mem 0x00000000fffc0000-0x00000000ffffffff] reserved
[    0.000000] NX (Execute Disable) protection: active
[    0.000000] SMBIOS 2.5 present.
[    0.000000] Hypervisor detected: KVM
[    0.000000] e820: last_pfn = 0x3fff0 max_arch_pfn = 0x1000000
[    0.000000] MTRR: Disabled
[    0.000000] x86/PAT: MTRRs disabled, skipping PAT initialization too.
[    0.000000] CPU MTRRs all blank - virtualized system.
[    0.000000] x86/PAT: Configuration [0-7]: WB  WT  UC- UC  WB  WT  UC- UC  
[    0.000000] found SMP MP-table at [mem 0x0009fff0-0x0009ffff] mapped at [c009fff0]
[    0.000000] Scanning 1 areas for low memory corruption
[    0.000000] RAMDISK: [mem 0x36318000-0x37183fff]
[    0.000000] ACPI: Early table checksum verification disabled
[    0.000000] ACPI: RSDP 0x00000000000E0000 000024 (v02 VBOX  )
[    0.000000] ACPI: XSDT 0x000000003FFF0030 00003C (v01 VBOX   VBOXXSDT 00000001 ASL  00000061)
[    0.000000] ACPI: FACP 0x000000003FFF00F0 0000F4 (v04 VBOX   VBOXFACP 00000001 ASL  00000061)
[    0.000000] ACPI: DSDT 0x000000003FFF0470 0021FF (v02 VBOX   VBOXBIOS 00000002 INTL 20100528)
[    0.000000] ACPI: FACS 0x000000003FFF0200 000040
[    0.000000] ACPI: FACS 0x000000003FFF0200 000040
[    0.000000] ACPI: APIC 0x000000003FFF0240 000054 (v02 VBOX   VBOXAPIC 00000001 ASL  00000061)
[    0.000000] ACPI: SSDT 0x000000003FFF02A0 0001CC (v01 VBOX   VBOXCPUT 00000002 INTL 20100528)
[    0.000000] 131MB HIGHMEM available.
[    0.000000] 891MB LOWMEM available.
[    0.000000]   mapped low ram: 0 - 37bfe000
[    0.000000]   low ram: 0 - 37bfe000
[    0.000000] kvm-clock: Using msrs 4b564d01 and 4b564d00
[    0.000000] kvm-clock: cpu 0, msr 0:37bfd001, primary cpu clock
[    0.000000] kvm-clock: using sched offset of 3131140230 cycles
[    0.000000] clocksource: kvm-clock: mask: 0xffffffffffffffff max_cycles: 0x1cd42e4dffb, max_idle_ns: 881590591483 ns
[    0.000000] Zone ranges:
[    0.000000]   DMA      [mem 0x0000000000001000-0x0000000000ffffff]
[    0.000000]   Normal   [mem 0x0000000001000000-0x0000000037bfdfff]
[    0.000000]   HighMem  [mem 0x0000000037bfe000-0x000000003ffeffff]
[    0.000000] Movable zone start for each node
[    0.000000] Early memory node ranges
[    0.000000]   node   0: [mem 0x0000000000001000-0x000000000009efff]
[    0.000000]   node   0: [mem 0x0000000000100000-0x000000003ffeffff]
[    0.000000] Initmem setup node 0 [mem 0x0000000000001000-0x000000003ffeffff]
[    0.000000] Using APIC driver default
[    0.000000] ACPI: PM-Timer IO Port: 0x4008
[    0.000000] IOAPIC[0]: apic_id 1, version 32, address 0xfec00000, GSI 0-23
[    0.000000] ACPI: INT_SRC_OVR (bus 0 bus_irq 0 global_irq 2 dfl dfl)
[    0.000000] ACPI: INT_SRC_OVR (bus 0 bus_irq 9 global_irq 9 low level)
[    0.000000] Using ACPI (MADT) for SMP configuration information
[    0.000000] smpboot: Allowing 1 CPUs, 0 hotplug CPUs
[    0.000000] PM: Registered nosave memory: [mem 0x00000000-0x00000fff]
[    0.000000] PM: Registered nosave memory: [mem 0x0009f000-0x0009ffff]
[    0.000000] PM: Registered nosave memory: [mem 0x000a0000-0x000effff]
[    0.000000] PM: Registered nosave memory: [mem 0x000f0000-0x000fffff]
[    0.000000] e820: [mem 0x40000000-0xfebfffff] available for PCI devices
[    0.000000] Booting paravirtualized kernel on KVM
[    0.000000] clocksource: refined-jiffies: mask: 0xffffffff max_cycles: 0xffffffff, max_idle_ns: 7645519600211568 ns
[    0.000000] setup_percpu: NR_CPUS:8 nr_cpumask_bits:8 nr_cpu_ids:1 nr_node_ids:1
[    0.000000] PERCPU: Embedded 19 pages/cpu @f71c3000 s47436 r0 d30388 u77824
[    0.000000] PV qspinlock hash table entries: 512 (order: 0, 4096 bytes)
[    0.000000] Built 1 zonelists in Zone order, mobility grouping on.  Total pages: 259800
[    0.000000] Kernel command line: BOOT_IMAGE=/boot/vmlinuz-4.4.0-141-generic root=UUID=929138f2-c798-4813-986a-d20e3bb97623 ro console=tty1 console=ttyS0
[    0.000000] PID hash table entries: 4096 (order: 2, 16384 bytes)
[    0.000000] Dentry cache hash table entries: 131072 (order: 7, 524288 bytes)
[    0.000000] Inode-cache hash table entries: 65536 (order: 6, 262144 bytes)
[    0.000000] Initializing CPU#0
[    0.000000] Initializing HighMem for node 0 (00037bfe:0003fff0)
[    0.000000] Initializing Movable for node 0 (00000000:00000000)
[    0.000000] Memory: 1008112K/1048120K available (8052K kernel code, 778K rwdata, 3180K rodata, 952K init, 800K bss, 40008K reserved, 0K cma-reserved, 135112K highmem)
[    0.000000] virtual kernel memory layout:
[    0.000000]     fixmap  : 0xfff15000 - 0xfffff000   ( 936 kB)
[    0.000000]     pkmap   : 0xffc00000 - 0xffe00000   (2048 kB)
[    0.000000]     vmalloc : 0xf83fe000 - 0xffbfe000   ( 120 MB)
[    0.000000]     lowmem  : 0xc0000000 - 0xf7bfe000   ( 891 MB)
[    0.000000]       .init : 0xc1bbe000 - 0xc1cac000   ( 952 kB)
[    0.000000]       .data : 0xc17dd3c4 - 0xc1bbc9c0   (3965 kB)
[    0.000000]       .text : 0xc1000000 - 0xc17dd3c4   (8052 kB)
[    0.000000] Checking if this processor honours the WP bit even in supervisor mode...Ok.
[    0.000000] SLUB: HWalign=64, Order=0-3, MinObjects=0, CPUs=1, Nodes=1
[    0.000000] Hierarchical RCU implementation.
[    0.000000] 	Build-time adjustment of leaf fanout to 32.
[    0.000000] 	RCU restricting CPUs from NR_CPUS=8 to nr_cpu_ids=1.
[    0.000000] RCU: Adjusting geometry for rcu_fanout_leaf=32, nr_cpu_ids=1
[    0.000000] NR_IRQS:2304 nr_irqs:256 16
[    0.000000] Console: colour VGA+ 80x25
[    0.000000] console [tty1] enabled
[    0.000000] console [ttyS0] enabled
[    0.000000] allocated 1048576 bytes of page_ext
[    0.000000] tsc: Detected 2808.004 MHz processor
[    1.715662] Calibrating delay loop (skipped) preset value.. 5616.00 BogoMIPS (lpj=11232016)
[    1.716992] pid_max: default: 32768 minimum: 301
[    1.717750] ACPI: Core revision 20150930
[    1.719180] ACPI: 2 ACPI AML tables successfully acquired and loaded
[    1.720324] Security Framework initialized
[    1.727180] Yama: becoming mindful.
[    1.727791] AppArmor: AppArmor initialized
[    1.728502] Mount-cache hash table entries: 2048 (order: 1, 8192 bytes)
[    1.729449] Mountpoint-cache hash table entries: 2048 (order: 1, 8192 bytes)
[    1.730597] Initializing cgroup subsys io
[    1.763641] Initializing cgroup subsys memory
[    1.764327] Initializing cgroup subsys devices
[    1.765015] Initializing cgroup subsys freezer
[    1.765708] Initializing cgroup subsys net_cls
[    1.766395] Initializing cgroup subsys perf_event
[    1.767114] Initializing cgroup subsys net_prio
[    1.767889] Initializing cgroup subsys hugetlb
[    1.768541] Initializing cgroup subsys pids
[    1.777514] mce: CPU supports 0 MCE banks
[    1.778175] process: using mwait in idle threads
[    1.778890] Last level iTLB entries: 4KB 64, 2MB 8, 4MB 8
[    1.779732] Last level dTLB entries: 4KB 64, 2MB 0, 4MB 0, 1GB 4
[    1.780608] Spectre V2 : Mitigation: Full generic retpoline
[    1.791389] Spectre V2 : Spectre v2 mitigation: Speculation control IBPB not-supported IBRS not-supported
[    1.792614] Spectre V2 : Spectre v2 / SpectreRSB mitigation: Filling RSB on context switch
[    1.816584] Speculative Store Bypass: Vulnerable
[    1.833582] Freeing SMP alternatives memory: 32K
[    1.859810] ftrace: allocating 31566 entries in 62 pages
[    1.931088] smpboot: APIC(0) Converting physical 0 to logical package 0
[    2.023648] smpboot: Max logical packages: 1
[    2.032831] Enabling APIC mode:  Flat.  Using 1 I/O APICs
[    2.048701] ..TIMER: vector=0x30 apic1=0 pin1=2 apic2=-1 pin2=-1
[    2.179595] smpboot: CPU0: Intel(R) Core(TM) i7-7700HQ CPU @ 2.80GHz (family: 0x6, model: 0x9e, stepping: 0x9)
[    2.199745] Performance Events: unsupported p6 CPU model 158 no PMU driver, software events only.
[    2.201632] KVM setup paravirtual spinlock
[    2.202994] x86: Booted up 1 node, 1 CPUs
[    2.204040] smpboot: Total of 1 processors activated (5616.00 BogoMIPS)
[    2.207077] devtmpfs: initialized
[    2.207850] evm: security.selinux
[    2.208487] evm: security.SMACK64
[    2.209411] evm: security.SMACK64EXEC
[    2.210054] evm: security.SMACK64TRANSMUTE
[    2.210895] evm: security.SMACK64MMAP
[    2.220361] evm: security.ima
[    2.240823] evm: security.capability
[    2.274111] clocksource: jiffies: mask: 0xffffffff max_cycles: 0xffffffff, max_idle_ns: 7645041785100000 ns
[    2.343685] futex hash table entries: 256 (order: 2, 16384 bytes)
[    2.345275] pinctrl core: initialized pinctrl subsystem
[    2.346449] RTC time: 15:33:35, date: 01/05/19
[    2.350276] NET: Registered protocol family 16
[    2.353395] EISA bus registered
[    2.353936] cpuidle: using governor ladder
[    2.354572] cpuidle: using governor menu
[    2.355188] PCCT header not found.
[    2.355832] ACPI: bus type PCI registered
[    2.356459] acpiphp: ACPI Hot Plug PCI Controller Driver version: 0.5
[    2.357541] PCI : PCI BIOS area is rw and x. Use pci=nobios if you want it NX.
[    2.358656] PCI: PCI BIOS revision 2.10 entry at 0xfda26, last bus=0
[    2.359563] PCI: Using configuration type 1 for base access
[    2.361619] ACPI: Added _OSI(Module Device)
[    2.362259] ACPI: Added _OSI(Processor Device)
[    2.362996] ACPI: Added _OSI(3.0 _SCP Extensions)
[    2.363810] ACPI: Added _OSI(Processor Aggregator Device)
[    2.365129] ACPI: Executed 1 blocks of module-level executable AML code
[    2.367620] ACPI: Interpreter enabled
[    2.368293] ACPI: (supports S0 S5)
[    2.368837] ACPI: Using IOAPIC for interrupt routing
[    2.369681] PCI: Using host bridge windows from ACPI; if necessary, use "pci=nocrs" and report a bug
[    2.381949] ACPI: PCI Root Bridge [PCI0] (domain 0000 [bus 00-ff])
[    2.382862] acpi PNP0A03:00: _OSC: OS supports [ASPM ClockPM Segments MSI]
[    2.383944] acpi PNP0A03:00: _OSC: not requesting OS control; OS requires [ExtendedConfig ASPM ClockPM MSI]
[    2.385327] acpi PNP0A03:00: fail to add MMCONFIG information, can't access extended PCI configuration space under this bridge.
[    2.387157] PCI host bridge to bus 0000:00
[    2.387907] pci_bus 0000:00: root bus resource [io  0x0000-0x0cf7 window]
[    2.388869] pci_bus 0000:00: root bus resource [io  0x0d00-0xffff window]
[    2.389838] pci_bus 0000:00: root bus resource [mem 0x000a0000-0x000bffff window]
[    2.397509] pci_bus 0000:00: root bus resource [mem 0x40000000-0xfdffffff window]
[    2.406520] pci_bus 0000:00: root bus resource [bus 00-ff]
[    2.408694] pci 0000:00:01.1: legacy IDE quirk: reg 0x10: [io  0x01f0-0x01f7]
[    2.409695] pci 0000:00:01.1: legacy IDE quirk: reg 0x14: [io  0x03f6]
[    2.410699] pci 0000:00:01.1: legacy IDE quirk: reg 0x18: [io  0x0170-0x0177]
[    2.411947] pci 0000:00:01.1: legacy IDE quirk: reg 0x1c: [io  0x0376]
[    2.443981] pci 0000:00:07.0: quirk: [io  0x4000-0x403f] claimed by PIIX4 ACPI
[    2.445234] pci 0000:00:07.0: quirk: [io  0x4100-0x410f] claimed by PIIX4 SMB
[    2.451635] ACPI: PCI Interrupt Link [LNKA] (IRQs 5 9 10 *11)
[    2.455672] ACPI: PCI Interrupt Link [LNKB] (IRQs 5 9 *10 11)
[    2.464279] ACPI: PCI Interrupt Link [LNKC] (IRQs 5 *9 10 11)
[    2.497476] ACPI: PCI Interrupt Link [LNKD] (IRQs 5 9 10 *11)
[    2.498745] ACPI: Enabled 2 GPEs in block 00 to 07
[    2.506536] vgaarb: setting as boot device: PCI:0000:00:02.0
[    2.507366] vgaarb: device added: PCI:0000:00:02.0,decodes=io+mem,owns=io+mem,locks=none
[    2.508592] vgaarb: loaded
[    2.516738] vgaarb: bridge control possible 0000:00:02.0
[    2.517743] SCSI subsystem initialized
[    2.518365] ACPI: bus type USB registered
[    2.519035] usbcore: registered new interface driver usbfs
[    2.519885] usbcore: registered new interface driver hub
[    2.520810] usbcore: registered new device driver usb
[    2.610574] PCI: Using ACPI for IRQ routing
[    2.622526] NetLabel: Initializing
[    2.643503] NetLabel:  domain hash size = 128
[    2.644206] NetLabel:  protocols = UNLABELED CIPSOv4
[    2.644963] NetLabel:  unlabeled traffic allowed by default
[    2.690116] amd_nb: Cannot enumerate AMD northbridges
[    2.735216] clocksource: Switched to clocksource kvm-clock
[    2.741924] AppArmor: AppArmor Filesystem Enabled
[    2.742812] pnp: PnP ACPI init
[    2.743924] pnp: PnP ACPI: found 3 devices
[    2.744584] PnPBIOS: Disabled by ACPI PNP
[    2.780659] clocksource: acpi_pm: mask: 0xffffff max_cycles: 0xffffff, max_idle_ns: 2085701024 ns
[    2.784809] NET: Registered protocol family 2
[    2.785605] TCP established hash table entries: 8192 (order: 3, 32768 bytes)
[    2.786576] TCP bind hash table entries: 8192 (order: 4, 65536 bytes)
[    2.924960] TCP: Hash tables configured (established 8192 bind 8192)
[    2.979689] UDP hash table entries: 512 (order: 2, 16384 bytes)
[    2.980675] UDP-Lite hash table entries: 512 (order: 2, 16384 bytes)
[    2.989501] NET: Registered protocol family 1
[    2.990229] pci 0000:00:00.0: Limiting direct PCI/PCI transfers
[    2.997366] pci 0000:00:01.0: Activating ISA DMA hang workarounds
[    3.004468] Unpacking initramfs...
[    3.220049] Freeing initrd memory: 14768K
[    3.221692] platform rtc_cmos: registered platform RTC device (no PNP device found)
[    3.246283] Scanning for low memory corruption every 60 seconds
[    3.247953] audit: initializing netlink subsys (disabled)
[    3.255215] audit: type=2000 audit(1546702418.291:1): initialized
[    3.263293] Initialise system trusted keyring
[    3.264078] HugeTLB registered 2 MB page size, pre-allocated 0 pages
[    3.273916] zbud: loaded
[    3.321299] VFS: Disk quotas dquot_6.6.0
[    3.322109] VFS: Dquot-cache hash table entries: 1024 (order 0, 4096 bytes)
[    3.323211] squashfs: version 4.0 (2009/01/31) Phillip Lougher
[    3.324298] fuse init (API version 7.23)
[    3.325048] Key type big_key registered
[    3.325676] Allocating IMA MOK and blacklist keyrings.
[    3.326605] Key type asymmetric registered
[    3.327244] Asymmetric key parser 'x509' registered
[    3.327991] bounce: pool size: 64 pages
[    3.328622] Block layer SCSI generic (bsg) driver version 0.4 loaded (major 249)
[    3.329821] io scheduler noop registered
[    3.330482] io scheduler deadline registered (default)
[    3.348164] io scheduler cfq registered
[    3.411363] pci_hotplug: PCI Hot Plug PCI Core version: 0.5
[    3.501275] pciehp: PCI Express Hot Plug Controller Driver version: 0.4
[    3.502438] ACPI: AC Adapter [AC] (on-line)
[    3.503260] input: Power Button as /devices/LNXSYSTM:00/LNXPWRBN:00/input/input0
[    3.504508] ACPI: Power Button [PWRF]
[    3.505243] input: Sleep Button as /devices/LNXSYSTM:00/LNXSLPBN:00/input/input1
[    3.512321] ACPI: Sleep Button [SLPF]
[    3.516102] ACPI: Battery Slot [BAT0] (battery present)
[    3.516981] GHES: HEST is not enabled!
[    3.596961] isapnp: Scanning for PnP cards...
[    3.692411] Serial: 8250/16550 driver, 32 ports, IRQ sharing enabled
[    3.775192] 00:02: ttyS0 at I/O 0x3f8 (irq = 4, base_baud = 115200) is a 16550A
[    3.777304] Linux agpgart interface v0.103
[    3.823109] loop: module loaded
[    3.928042] scsi host0: ata_piix
[    3.928767] scsi host1: ata_piix
[    3.929322] ata1: PATA max UDMA/33 cmd 0x1f0 ctl 0x3f6 bmdma 0xd000 irq 14
[    3.930298] ata2: PATA max UDMA/33 cmd 0x170 ctl 0x376 bmdma 0xd008 irq 15
[    3.941017] libphy: Fixed MDIO Bus: probed
[    3.941661] tun: Universal TUN/TAP device driver, 1.6
[    3.942461] tun: (C) 1999-2004 Max Krasnyansky <maxk@qualcomm.com>
[    3.943362] PPP generic driver version 2.4.2
[    3.944137] ehci_hcd: USB 2.0 'Enhanced' Host Controller (EHCI) Driver
[    3.945047] ehci-pci: EHCI PCI platform driver
[    3.945705] ehci-platform: EHCI generic platform driver
[    3.946519] ohci_hcd: USB 1.1 'Open' Host Controller (OHCI) Driver
[    3.947389] ohci-pci: OHCI PCI platform driver
[    3.991942] ohci-platform: OHCI generic platform driver
[    4.019942] uhci_hcd: USB Universal Host Controller Interface driver
[    4.022566] i8042: PNP: PS/2 Controller [PNP0303:PS2K,PNP0f03:PS2M] at 0x60,0x64 irq 1,12
[    4.024277] serio: i8042 KBD port at 0x60,0x64 irq 1
[    4.024990] serio: i8042 AUX port at 0x60,0x64 irq 12
[    4.025826] mousedev: PS/2 mouse device common for all mice
[    4.026844] input: AT Translated Set 2 keyboard as /devices/platform/i8042/serio0/input/input2
[    4.035212] rtc_cmos rtc_cmos: rtc core: registered rtc_cmos as rtc0
[    4.036155] rtc_cmos rtc_cmos: alarms up to one day, 114 bytes nvram
[    4.037050] i2c /dev entries driver
[    4.037635] device-mapper: uevent: version 1.0.3
[    4.038388] device-mapper: ioctl: 4.34.0-ioctl (2015-10-28) initialised: dm-devel@redhat.com
[    4.039657] platform eisa.0: Probing EISA bus 0
[    4.196938] platform eisa.0: EISA: Cannot allocate resource for mainboard
[    4.237628] tsc: Refined TSC clocksource calibration: 2806.055 MHz
[    4.238539] clocksource: tsc: mask: 0xffffffffffffffff max_cycles: 0x287298f24a1, max_idle_ns: 440795296157 ns
[    4.284569] platform eisa.0: Cannot allocate resource for EISA slot 1
[    4.298829] platform eisa.0: Cannot allocate resource for EISA slot 2
[    4.301499] platform eisa.0: Cannot allocate resource for EISA slot 3
[    4.351055] platform eisa.0: Cannot allocate resource for EISA slot 4
[    4.352013] platform eisa.0: Cannot allocate resource for EISA slot 5
[    4.352916] platform eisa.0: Cannot allocate resource for EISA slot 6
[    4.353849] platform eisa.0: Cannot allocate resource for EISA slot 7
[    4.354748] platform eisa.0: Cannot allocate resource for EISA slot 8
[    4.355677] platform eisa.0: EISA: Detected 0 cards
[    4.356423] cpufreq-nforce2: No nForce2 chipset.
[    4.388339] ledtrig-cpu: registered to indicate activity on CPUs
[    4.389340] NET: Registered protocol family 10
[    4.441049] isapnp: No Plug & Play device found
[    4.442007] NET: Registered protocol family 17
[    4.442716] Key type dns_resolver registered
[    4.443534] Using IPI No-Shortcut mode
[    4.444197] registered taskstats version 1
[    4.444866] Loading compiled-in X.509 certificates
[    4.447244] Loaded X.509 cert 'Build time autogenerated kernel key: 8ee7231a1e42e4b4a17d0e4b95c66ffe15d3b32e'
[    4.448721] zswap: loaded using pool lzo/zbud
[    4.450552] Key type trusted registered
[    4.453166] Key type encrypted registered
[    4.453813] AppArmor: AppArmor sha1 policy hashing enabled
[    4.454612] ima: No TPM chip found, activating TPM-bypass!
[    4.455410] ima: Allocated hash algorithm: sha1
[    4.456147] evm: HMAC attrs: 0x1
[    4.456952]   Magic number: 3:962:587
[    4.457712] rtc_cmos rtc_cmos: setting system clock to 2019-01-05 15:33:37 UTC (1546702417)
[    4.529594] BIOS EDD facility v0.16 2004-Jun-25, 0 devices found
[    4.626449] EDD information not available.
[    4.629835] Freeing unused kernel memory: 952K
[    4.735835] Write protecting the kernel text: 8056k
[    4.739100] Write protecting the kernel read-only data: 3184k
[    4.739988] NX-protecting the kernel data: 6280k
Loading, please wait...
starting version 229
[    4.756313] random: udevadm: uninitialized urandom read (16 bytes read, 2 bits of entropy available)
[    4.760062] random: systemd-udevd: uninitialized urandom read (16 bytes read, 2 bits of entropy available)
[    4.846130] random: udevadm: uninitialized urandom read (16 bytes read, 2 bits of entropy available)
[    4.964598] random: systemd-udevd: uninitialized urandom read (16 bytes read, 2 bits of entropy available)
[    4.966000] random: systemd-udevd: uninitialized urandom read (16 bytes read, 2 bits of entropy available)
[    4.988423] random: udevadm: uninitialized urandom read (16 bytes read, 2 bits of entropy available)
[    4.999235] random: udevadm: uninitialized urandom read (16 bytes read, 2 bits of entropy available)
[    5.009253] random: udevadm: uninitialized urandom read (16 bytes read, 2 bits of entropy available)
[    5.051237] random: udevadm: uninitialized urandom read (16 bytes read, 2 bits of entropy available)
[    5.148024] random: udevadm: uninitialized urandom read (16 bytes read, 2 bits of entropy available)
[    5.179315] e1000: Intel(R) PRO/1000 Network Driver - version 7.3.21-k8-NAPI
[    5.180519] e1000: Copyright (c) 1999-2006 Intel Corporation.
[    5.208569] Fusion MPT base driver 3.04.20
[    5.209377] Copyright (c) 1999-2008 LSI Corporation
[    5.249301] Fusion MPT SPI Host driver 3.04.20
[    5.433945] input: ImExPS/2 Generic Explorer Mouse as /devices/platform/i8042/serio1/input/input4
[    5.867031] e1000 0000:00:03.0 eth0: (PCI:33MHz:32-bit) 02:44:d1:47:4b:d5
[    5.975199] e1000 0000:00:03.0 eth0: Intel(R) PRO/1000 Network Connection
[    6.085847] mptbase: ioc0: Initiating bringup
[    6.220254] ioc0: LSI53C1030 A0: Capabilities={Initiator}
[    6.501596] scsi host2: ioc0: LSI53C1030 A0, FwRev=00000000h, Ports=1, MaxQ=256, IRQ=20
[    6.724418] scsi 2:0:0:0: Direct-Access     VBOX     HARDDISK         1.0  PQ: 0 ANSI: 5
[    6.873997] scsi target2:0:0: Beginning Domain Validation
[    6.967474] scsi target2:0:0: Domain Validation skipping write tests
[    7.111493] scsi target2:0:0: Ending Domain Validation
[    7.415497] scsi target2:0:0: asynchronous
[    7.454407] scsi 2:0:1:0: Direct-Access     VBOX     HARDDISK         1.0  PQ: 0 ANSI: 5
[    7.455799] scsi target2:0:1: Beginning Domain Validation
[    7.457252] scsi target2:0:1: Domain Validation skipping write tests
[    7.458347] scsi target2:0:1: Ending Domain Validation
[    7.461501] scsi target2:0:1: asynchronous
[    7.492169] e1000 0000:00:08.0 eth1: (PCI:33MHz:32-bit) 08:00:27:23:8b:fc
[    7.571327] e1000 0000:00:08.0 eth1: Intel(R) PRO/1000 Network Connection
[    7.573877] e1000 0000:00:08.0 enp0s8: renamed from eth1
[    7.576002] e1000 0000:00:03.0 enp0s3: renamed from eth0
[    7.579722] sd 2:0:0:0: Attached scsi generic sg0 type 0
[    7.580543] sd 2:0:0:0: [sda] 20971520 512-byte logical blocks: (10.7 GB/10.0 GiB)
[    7.595778] sd 2:0:1:0: [sdb] 20480 512-byte logical blocks: (10.5 MB/10.0 MiB)
[    7.596982] sd 2:0:1:0: Attached scsi generic sg1 type 0
[    7.598114] sd 2:0:1:0: [sdb] Write Protect is off
[    7.598993] sd 2:0:1:0: [sdb] Incomplete mode parameter data
[    7.599884] sd 2:0:1:0: [sdb] Assuming drive cache: write through
[    7.608671] sd 2:0:0:0: [sda] Write Protect is off
[    7.609714] sd 2:0:0:0: [sda] Incomplete mode parameter data
[    7.610572] sd 2:0:0:0: [sda] Assuming drive cache: write through
[    7.628533]  sda: sda1
[    7.630630] sd 2:0:0:0: [sda] Attached SCSI disk
[    7.639941] sd 2:0:1:0: [sdb] Attached SCSI disk
Begin: Loading e[    8.915868] md: linear personality registered for level -1
ssential drivers[    8.994327] md: multipath personality registered for level -4
 ... [    9.023871] md: raid0 personality registered for level 0
[    9.030299] md: raid1 personality registered for level 1
[    9.195285] raid6: mmxx1    gen()  6616 MB/s
[    9.271355] raid6: mmxx2    gen()  6756 MB/s
[    9.439252] raid6: sse1x1   gen()  5879 MB/s
[    9.563410] raid6: sse1x2   gen()  6460 MB/s
[    9.631241] raid6: sse2x1   gen() 11236 MB/s
[    9.779316] raid6: sse2x1   xor()  8318 MB/s
[    9.935602] raid6: sse2x2   gen() 14704 MB/s
[   10.031270] raid6: sse2x2   xor()  9829 MB/s
[   10.167321] raid6: avx2x1   gen() 23269 MB/s
[   10.303510] raid6: avx2x2   gen() 27999 MB/s
[   10.337775] raid6: using algorithm avx2x2 gen() 27999 MB/s
[   10.338573] raid6: using avx2x1 recovery algorithm
[   10.342223] xor: automatically using best checksumming function:
[   10.379684]    avx       : 28332.000 MB/sec
[   10.390162] async_tx: api initialized (async)
[   10.412102] md: raid6 personality registered for level 6
[   10.562037] md: raid5 personality registered for level 5
[   10.629365] md: raid4 personality registered for level 4
[   10.651309] md: raid10 personality registered for level 10
done.
Begin: Running /scripts/init-premount ... done.
Begin: Mounting root file system[   10.771607] Btrfs loaded
 ... Begin: Running /scripts/local-top ... done.
Begin: Running /scripts/local-premount ... Scanning for Btrfs filesystems
done.
Warning: fsck not present, so skipping root file system
[   10.836902] EXT4-fs (sda1): mounted filesystem with ordered data mode. Opts: (null)
done.
Begin: Running /scripts/local-bottom ... done.
Begin: Running /scripts/init-bottom ... done.
[   10.918850] systemd[1]: systemd 229 running in system mode. (+PAM +AUDIT +SELINUX +IMA +APPARMOR +SMACK +SYSVINIT +UTMP +LIBCRYPTSETUP +GCRYPT +GNUTLS +ACL +XZ -LZ4 +SECCOMP +BLKID +ELFUTILS +KMOD -IDN)
[   11.069089] systemd[1]: Detected virtualization oracle.
[   11.069904] systemd[1]: Detected architecture x86.

Welcome to [1mUbuntu 16.04.5 LTS[0m!

[   11.096264] systemd[1]: Set hostname to <kouosl>.
[   11.286521] systemd[1]: Created slice System Slice.
[[0;32m  OK  [0m] Created slice System Slice.
[   11.391505] systemd[1]: Started Forward Password Requests to Wall Directory Watch.
[[0;32m  OK  [0m] Started Forward Password Requests to Wall Directory Watch.
[   11.489528] systemd[1]: Reached target Encrypted Volumes.
[[0;32m  OK  [0m] Reached target Encrypted Volumes.
[   11.500042] systemd[1]: Reached target User and Group Name Lookups.
[[0;32m  OK  [0m] Reached target User and Group Name Lookups.
[   11.603542] systemd[1]: Listening on udev Kernel Socket.
[[0;32m  OK  [0m] Listening on udev Kernel Socket.
[   11.616142] systemd[1]: Set up automount Arbitrary Executable File Formats File System Automount Point.
[[0;32m  OK  [0m] Set up automount Arbitrary Executab...ats File System Automount Point.
[   11.618851] systemd[1]: Started Trigger resolvconf update for networkd DNS.
[[0;32m  OK  [0m] Started Trigger resolvconf update for networkd DNS.
[   11.664755] systemd[1]: Created slice User and Session Slice.
[[0;32m  OK  [0m] Created slice User and Session Slice.
[   11.689505] systemd[1]: Reached target Slices.
[[0;32m  OK  [0m] Reached target Slices.
[   11.697757] systemd[1]: Listening on Journal Socket (/dev/log).
[[0;32m  OK  [0m] Listening on Journal Socket (/dev/log).
[   11.699798] systemd[1]: Listening on LVM2 poll daemon socket.
[[0;32m  OK  [0m] Listening on LVM2 poll daemon socket.
[   11.705232] systemd[1]: Listening on udev Control Socket.
[[0;32m  OK  [0m] Listening on udev Control Socket.
[   11.707662] systemd[1]: Reached target System Time Synchronized.
[[0;32m  OK  [0m] Reached target System Time Synchronized.
[   11.755525] systemd[1]: Listening on /dev/initctl Compatibility Named Pipe.
[[0;32m  OK  [0m] Listening on /dev/initctl Compatibility Named Pipe.
[   11.952094] systemd[1]: Listening on Device-mapper event daemon FIFOs.
[[0;32m  OK  [0m] Listening on Device-mapper event daemon FIFOs.
[   11.954201] systemd[1]: Listening on Journal Audit Socket.
[[0;32m  OK  [0m] Listening on Journal Audit Socket.
[   11.956188] systemd[1]: Listening on Journal Socket.
[[0;32m  OK  [0m] Listening on Journal Socket.
[   11.958490] systemd[1]: Mounting POSIX Message Queue File System...
         Mounting POSIX Message Queue File System...
[   11.960703] systemd[1]: Starting Remount Root and Kernel File Systems...
         Starting Remount Root and Kernel File Systems...
[   11.966367] systemd[1]: Starting Create list of required static device nodes for the current kernel...
         Starting Create list of required st... nodes for the current kernel...
[   11.969728] systemd[1]: Mounting Debug File System...
         Mounting Debug File System...
[   11.984954] systemd[1]: Mounting Huge Pages File System...
[   11.997278] EXT4-fs (sda1): re-mounted. Opts: (null)
         Mounting Huge Pages File System...
[   12.000367] systemd[1]: Starting Nameserver information manager...
         Starting Nameserver information manager...
[   12.077679] systemd[1]: Starting Set console keymap...
         Starting Set console keymap...
[   12.080678] systemd[1]: Created slice system-serial\x2dgetty.slice.
[[0;32m  OK  [0m] Created slice system-serial\x2dgetty.slice.
[   12.124178] systemd[1]: Starting Uncomplicated firewall...
         Starting Uncomplicated firewall...[   12.125658] random: nonblocking pool is initialized

[   12.127401] systemd[1]: Reached target Swap.
[[0;32m  OK  [0m] Reached target Swap.
[   12.166420] systemd[1]: Starting Load Kernel Modules...
         Starting Load Kernel Modules...
[   12.168618] systemd[1]: Listening on LVM2 metadata daemon socket.
[[0;32m  OK  [0m] Listening on LVM2 metadata daemon socket.
[   12.171901] systemd[1]: Starting Monitoring of LVM2 mirrors, snapshots etc. using dmeventd or progress polling...
         Starting Monitoring of LVM2 mirrors... dmeventd or progress polling...
[   12.184077] Loading iSCSI transport class v2.0-870.
[   12.193630] systemd[1]: Listening on Syslog Socket.
[[0;32m  OK  [0m] Listening on Syslog Socket.
[   12.229878] systemd[1]: Starting Journal Service...
         Starting Journal Service...
[   12.235677] systemd[1]: Mounted Debug File System.
[[0;32m  OK  [0m] Mounted Debug File System.
[   12.237453] systemd[1]: Mounted Huge Pages File System.
[[0;32m  OK  [0m] Mounted Huge Pages File System.
[   12.241656] systemd[1]: Mounted POSIX Message Queue File System.
[[0;32m  OK  [0m] Mounted POSIX Message Queue File System.
[   12.246858] systemd[1]: Started Remount Root and Kernel File Systems.
[   12.248822] iscsi: registered transport (tcp)
[[0;32m  OK  [0m] Started Remount Root and Kernel File Systems.
[   12.263643] systemd[1]: Started Create list of required static device nodes for the current kernel.
[[0;32m  OK  [0m] Started Create list of required sta...ce nodes for the current kernel.
[   12.278955] systemd[1]: Started Set console keymap.
[[0;32m  OK  [0m] Started Set console keymap.
[   12.285231] systemd[1]: Started Uncomplicated firewall.
[[0;32m  OK  [0m] Started Uncomplicated firewall.
[   12.291603] systemd[1]: Started Nameserver information manager.
[[0;32m  OK  [0m] Started Nameserver information manager.
[   12.297352] systemd[1]: Started Journal Service.
[[0;32m  OK  [0m] Started Journal Service.
[   12.344215] iscsi: registered transport (iser)
[[0;32m  OK  [0m] Started LVM2 metadata daemon.
         Starting Create Static Device Nodes in /dev...
         Starting udev Coldplug all Devices...
         Starting Flush Journal to Persistent Storage...
         Starting Load/Save Random Seed...
[[0;32m  OK  [0m] Started Load Kernel Modules.
[[0;32m  OK  [0m] Started Create Static Device Nodes in /dev.
[[0;32m  OK  [0m] Started Load/Save Random Seed.
[[0;32m  OK  [0m] Started Monitoring of LVM2 mirrors,...ng dmeventd or progress polling.
[[0;32m  OK  [0m] Started udev Coldplug all Devices.
[   12.878828] systemd-journald[412]: Received request to flush runtime journal from PID 1
[[0;32m  OK  [0m] Reached target Local File Systems (Pre).
[[0;32m  OK  [0m] Reached target Local File Systems.
         Starting LSB: AppArmor initialization...
         Starting Initial cloud-init job (pre-networking)...
         Starting Set console font and keymap...
         Starting Tell Plymouth To Write Out Runtime Data...
         Starting udev Kernel Device Manager...
         Mounting FUSE Control File System...
         Starting Apply Kernel Variables...
[[0;32m  OK  [0m] Mounted FUSE Control File System.
[[0;32m  OK  [0m] Started udev Kernel Device Manager.
[[0;32m  OK  [0m] Started Flush Journal to Persistent Storage.
[[0;32m  OK  [0m] Started Tell Plymouth To Write Out Runtime Data.
[[0;32m  OK  [0m] Started Apply Kernel Variables.
         Starting Create Volatile Files and Directories...
[[0;32m  OK  [0m] Started Dispatch Password Requests to Console Directory Watch.
[[0;32m  OK  [0m] Started Create Volatile Files and Directories.
[[0;32m  OK  [0m] Found device /dev/ttyS0.
         Starting Update UTMP about System Boot/Shutdown...
[[0;32m  OK  [0m] Started Update UTMP about System Boot/Shutdown.
[[0;32m  OK  [0m] Started LSB: AppArmor initialization.
[[0;32m  OK  [0m] Started Set console font and keymap.
[[0;32m  OK  [0m] Created slice system-getty.slice.
[[0;32m  OK  [0m] Listening on Load/Save RF Kill Switch Status /dev/rfkill Watch.
[[0;32m  OK  [0m] Found device 82540EM Gigabit Ethern...r (PRO/1000 MT Desktop Adapter).
[[0;32m  OK  [0m] Found device 82540EM Gigabit Ethern...r (PRO/1000 MT Desktop Adapter).
[[0;32m  OK  [0m] Started Initial cloud-init job (pre-networking).
[[0;32m  OK  [0m] Reached target Network (Pre).
[[0;32m  OK  [0m] Started ifup for enp0s3.
[   12.174617] cloud-init[479]: Cloud-init v. 18.4-0ubuntu1~16.04.2 running 'init-local' at Sat, 05 Jan 2019 15:33:47 +0000. Up 11.84 seconds.
         Starting Raise network interfaces...
[[0;32m  OK  [0m] Started ifup for enp0s8.
[[0;32m  OK  [0m] Started Raise network interfaces.
[[0;32m  OK  [0m] Reached target Network.
         Starting Initial cloud-init job (metadata service crawler)...
[   13.442869] cloud-init[1070]: Cloud-init v. 18.4-0ubuntu1~16.04.2 running 'init' at Sat, 05 Jan 2019 15:33:48 +0000. Up 13.22 seconds.
[   13.460440] cloud-init[1070]: ci-info: ++++++++++++++++++++++++++++++++++++++Net device info+++++++++++++++++++++++++++++++++++++++
[   13.467195] cloud-init[1070]: ci-info: +--------+------+-----------------------------+---------------+--------+-------------------+
[   13.472611] cloud-init[1070]: ci-info: | Device |  Up  |           Address           |      Mask     | Scope  |     Hw-Address    |
[   13.474639] cloud-init[1070]: ci-info: +--------+------+-----------------------------+---------------+--------+-------------------+
[   13.488344] cloud-init[1070]: ci-info: | enp0s3 | True |          10.0.2.15          | 255.255.255.0 | global | 02:44:d1:47:4b:d5 |
[[0;32m  OK  [0m] Started Initial cloud-init job (metadata service crawler).
[   13.506367] cloud-init[1070]: ci-info: | enp0s3 | True |  fe80::44:d1ff:fe47:4bd5/64 |       .       |  link  | 02:44:d1:47:4b:d5 |
[   13.740197] cloud-init[1070]: ci-info: | enp0s8 | True |        192.168.83.137       | 255.255.255.0 | global | 08:00:27:23:8b:fc |
[   13.912726] cloud-init[1070]: ci-info: | enp0s8 | True | fe80::a00:27ff:fe23:8bfc/64 |       .       |  link  | 08:00:27:23:8b:fc |
[   14.032203] cloud-init[1070]: ci-info: |   lo   | True |          127.0.0.1          |   255.0.0.0   |  host  |         .         |
[   14.192390] cloud-init[1070]: ci-info: |   lo   | True |           ::1/128           |       .       |  host  |         .         |
[[0;32m  OK  [0m] Reached target System Initialization.
[[0;32m  OK  [0m] Listening on ACPID Listen Socket.
[   14.314993] cloud-init[1070]: ci-info: +--------+------+-----------------------------+---------------+--------+-------------------+
[   14.514102] cloud-init[1070]: ci-info: ++++++++++++++++++++++++++++Route IPv4 info++++++++++++++++++++++++++++
[[0;32m  OK  [0m] Started Daily Cleanup of Temporary Directories.
[   14.517006] cloud-init[1070]: ci-info: +-------+--------------+----------+---------------+-----------+-------+
[[0;32m  OK  [0m] Started ACPI Events Check.
[   14.531524] cloud-init[1070]: ci-info: | Route | Destination  | Gateway  |    Genmask    | Interface | Flags |
[   14.569232] cloud-init[1070]: ci-info: +-------+--------------+----------+---------------+-----------+-------+
[[0;32m  OK  [0m] Reached target Paths.
[   14.702368] cloud-init[1070]: ci-info: |   0   |   0.0.0.0    | 10.0.2.2 |    0.0.0.0    |   enp0s3  |   UG  |
[   14.808780] cloud-init[1070]: ci-info: |   1   |   10.0.2.0   | 0.0.0.0  | 255.255.255.0 |   enp0s3  |   U   |
[   14.933105] cloud-init[1070]: ci-info: |   2   | 192.168.83.0 | 0.0.0.0  | 255.255.255.0 |   enp0s8  |   U   |
[   15.016304] cloud-init[1070]: ci-info: +-------+--------------+----------+---------------+-----------+-------+
         Starting LXD - unix socket.
         Starting Socket activation for snappy daemon.
[   15.115265] cloud-init[1070]: ci-info: +++++++++++++++++++Route IPv6 info+++++++++++++++++++
[   15.308624] cloud-init[1070]: ci-info: +-------+-------------+---------+-----------+-------+
[[0;32m  OK  [0m] Listening on UUID daemon activation socket.
[   15.390174] cloud-init[1070]: ci-info: | Route | Destination | Gateway | Interface | Flags |
[   15.540944] cloud-init[1070]: ci-info: +-------+-------------+---------+-----------+-------+
[   15.544778] cloud-init[1070]: ci-info: |   0   |  fe80::/64  |    ::   |   enp0s3  |   U   |
[   15.572159] cloud-init[1070]: ci-info: |   1   |  fe80::/64  |    ::   |   enp0s8  |   U   |
[   15.573566] cloud-init[1070]: ci-info: |   4   |   ff00::/8  |    ::   |   enp0s3  |   U   |
[   15.574648] cloud-init[1070]: ci-info: |   5   |   ff00::/8  |    ::   |   enp0s8  |   U   |
[   15.575798] [[0;32m  OK  [0m] Started Daily apt download activities.
[[0;32m  OK  [0m] Listening on D-Bus System Message Bus Socket.
[[0;32m  OK  [0m] Started Daily apt upgrade and clean activities.
[[0;32m  OK  [0m] Reached target Timers.
[[0;32m  OK  [0m] Reached target Cloud-config availability.
[[0;32m  OK  [0m] Reached target Network is Online.
         Starting iSCSI initiator daemon (iscsid)...
[[0;32m  OK  [0m] Listening on LXD - unix socket.
[[0;32m  OK  [0m] Listening on Socket activation for snappy daemon.
[[0;32m  OK  [0m] Reached target Sockets.
[[0;32m  OK  [0m] Reached target Basic System.
         Starting Login Service...
[[0;32m  OK  [0m] Started Unattended Upgrades Shutdown.
         Starting LSB: MD monitoring daemon...
cloud-init[1070]: ci-info: +-------+-------------+---------+-----------+-------+
[[0;32m  OK  [0m] Started Regular background program processing daemon.
         Starting Virtualbox guest utils...
         Starting LSB: Record successful boot for GRUB...
         Starting Accounts Service...
         Starting System Logging Service...
         Starting OpenBSD Secure Shell server...
         Starting /etc/rc.local Compatibility...
         Starting LXD - container startup/shutdown...
[[0;32m  OK  [0m] Started FUSE filesystem for LXC.
[[0;32m  OK  [0m] Started D-Bus System Message Bus.
[[0;32m  OK  [0m] Started ACPI event daemon.
         Starting Snappy daemon...
[[0;32m  OK  [0m] Started Deferred execution scheduler.
[[0;32m  OK  [0m] Started System Logging Service.
[[0;32m  OK  [0m] Started Snappy daemon.
[[0;32m  OK  [0m] Started /etc/rc.local Compatibility.
[[0;32m  OK  [0m] Started LXD - container startup/shutdown.
[[0;32m  OK  [0m] Started iSCSI initiator daemon (iscsid).
[[0;32m  OK  [0m] Started OpenBSD Secure Shell server.
[[0;32m  OK  [0m] Started LSB: MD monitoring daemon.
[[0;32m  OK  [0m] Started LSB: Record successful boot for GRUB.
[[0;32m  OK  [0m] Started Virtualbox guest utils.
[[0;32m  OK  [0m] Started Login Service.
         Starting Authenticate and Authorize Users to Run Privileged Tasks...
         Starting Login to default iSCSI targets...
         Starting Wait until snapd is fully seeded...
[[0;32m  OK  [0m] Started Authenticate and Authorize Users to Run Privileged Tasks.
[[0;32m  OK  [0m] Started Wait until snapd is fully seeded.
[[0;32m  OK  [0m] Started Accounts Service.
         Starting Apply the settings specified in cloud-config...
[[0;32m  OK  [0m] Started Login to default iSCSI targets.
[[0;32m  OK  [0m] Reached target Remote File Systems (Pre).
[[0;32m  OK  [0m] Reached target Remote File Systems.
         Starting LSB: Start and stop the mysql database server daemon...
         Starting LSB: automatic crash report generation...
         Starting LSB: Set the CPU Frequency Scaling governor to "ondemand"...
         Starting Permit User Sessions...
         Starting LSB: daemon to balance interrupts for SMP systems...
         Starting LSB: Apache2 web server...
[[0;32m  OK  [0m] Started Permit User Sessions.
[[0;32m  OK  [0m] Started LSB: Set the CPU Frequency Scaling governor to "ondemand".
[[0;32m  OK  [0m] Started LSB: automatic crash report generation.
[[0;32m  OK  [0m] Started LSB: daemon to balance interrupts for SMP systems.
[[0;32m  OK  [0m] Created slice User Slice of vagrant.
         Starting User Manager for UID 1000...
[[0;32m  OK  [0m] Started Session 1 of user vagrant.
         Starting Terminate Plymouth Boot Screen...
         Starting Hold until boot process finishes up...
[[0;32m  OK  [0m] Started User Manager for UID 1000.
[[0;32m  OK  [0m] Started Terminate Plymouth Boot Screen.
[[0;32m  OK  [0m] Started Hold until boot process finishes up.
[[0;32m  OK  [0m] Started Getty on tty1.
[[0;32m  OK  [0m] Started Serial Getty on ttyS0.
[[0;32m  OK  [0m] Reached target Login Prompts.
         Starting Set console scheme...
[[0;32m  OK  [0m] Started Set console scheme.
[   18.572351] cloud-init[1263]: Cloud-init v. 18.4-0ubuntu1~16.04.2 running 'modules:config' at Sat, 05 Jan 2019 15:33:53 +0000. Up 18.37 seconds.
[[0;32m  OK  [0m] Started Apply the settings specified in cloud-config.
[[0;32m  OK  [0m] Started LSB: Start and stop the mysql database server daemon.
[[0;32m  OK  [0m] Started LSB: Apache2 web server.
[[0;32m  OK  [0m] Reached target Multi-User System.
         Starting Execute cloud user/final scripts...
[[0;32m  OK  [0m] Reached target Graphical Interface.
         Starting Update UTMP about System Runlevel Changes...
[[0;32m  OK  [0m] Started Update UTMP about System Runlevel Changes.
[   19.596099] cloud-init[1708]: Cloud-init v. 18.4-0ubuntu1~16.04.2 running 'modules:final' at Sat, 05 Jan 2019 15:33:54 +0000. Up 19.48 seconds.
[   19.673365] cloud-init[1708]: Cloud-init v. 18.4-0ubuntu1~16.04.2 finished at Sat, 05 Jan 2019 15:33:55 +0000. Datasource DataSourceNoCloud [seed=/dev/sdb][dsmode=net].  Up 19.59 seconds
[[0;32m  OK  [0m] Started Execute cloud user/final scripts.
[[0;32m  OK  [0m] Reached target Cloud-init target.

Ubuntu 16.04.5 LTS kouosl ttyS0

kouosl login: 